<?xml version="1.0" encoding="UTF-8"?>
<robot generator="Robot 7.1.1 (Python 3.12.8 on win32)" generated="2025-01-15T00:08:27.960493" rpa="false" schemaversion="5">
<suite id="s1" name="Tc20 Scroll" source="C:\Users\savig\PycharmProjects\PythonProject\.venv\testcases\tc20_scroll.robot">
<test id="s1-t1" name="Scrolling Test" line="10">
<kw name="Open Browser" owner="SeleniumLibrary">
<msg time="2025-01-15T00:08:28.150335" level="INFO">Opening browser 'chrome' to base url 'https://history.state.gov/countries/all'.</msg>
<arg>${url1}</arg>
<arg>${browser}</arg>
<doc>Opens a new browser instance to the optional ``url``.</doc>
<status status="PASS" start="2025-01-15T00:08:28.150335" elapsed="1.789368"/>
</kw>
<kw name="Maximize Browser Window" owner="SeleniumLibrary">
<doc>Maximizes current browser window.</doc>
<status status="PASS" start="2025-01-15T00:08:29.939703" elapsed="0.031985"/>
</kw>
<kw name="Scroll Element Into View" owner="SeleniumLibrary">
<arg>xpath://div[@id="content-inner"]/div/div[2]/div[4]/ul/li[10]/a</arg>
<doc>Scrolls the element identified by ``locator`` into view.</doc>
<status status="PASS" start="2025-01-15T00:08:29.971688" elapsed="0.294532"/>
</kw>
<kw name="Sleep" owner="BuiltIn">
<msg time="2025-01-15T00:08:33.267687" level="INFO">Slept 3 seconds.</msg>
<arg>3</arg>
<doc>Pauses the test executed for the given time.</doc>
<status status="PASS" start="2025-01-15T00:08:30.266220" elapsed="3.001467"/>
</kw>
<kw name="Execute Javascript" owner="SeleniumLibrary">
<msg time="2025-01-15T00:08:33.267687" level="INFO">Executing JavaScript:
window.scrollTo(0,document.body.scrollHeight)
Without any arguments.</msg>
<arg>window.scrollTo(0,document.body.scrollHeight)</arg>
<doc>Executes the given JavaScript code with possible arguments.</doc>
<status status="PASS" start="2025-01-15T00:08:33.267687" elapsed="0.055998"/>
</kw>
<kw name="Sleep" owner="BuiltIn">
<msg time="2025-01-15T00:08:36.324100" level="INFO">Slept 3 seconds.</msg>
<arg>3</arg>
<doc>Pauses the test executed for the given time.</doc>
<status status="PASS" start="2025-01-15T00:08:33.323685" elapsed="3.000415"/>
</kw>
<kw name="Execute Javascript" owner="SeleniumLibrary">
<msg time="2025-01-15T00:08:36.324100" level="INFO">Executing JavaScript:
window.scrollTo(0,-document.body.scrollHeight)
Without any arguments.</msg>
<arg>window.scrollTo(0,-document.body.scrollHeight)</arg>
<doc>Executes the given JavaScript code with possible arguments.</doc>
<status status="PASS" start="2025-01-15T00:08:36.324100" elapsed="0.000000"/>
</kw>
<kw name="Sleep" owner="BuiltIn">
<msg time="2025-01-15T00:08:39.332352" level="INFO">Slept 3 seconds.</msg>
<arg>3</arg>
<doc>Pauses the test executed for the given time.</doc>
<status status="PASS" start="2025-01-15T00:08:36.332097" elapsed="3.000255"/>
</kw>
<kw name="Close Browser" owner="SeleniumLibrary">
<doc>Closes the current browser.</doc>
<status status="PASS" start="2025-01-15T00:08:39.332352" elapsed="2.146062"/>
</kw>
<status status="PASS" start="2025-01-15T00:08:28.150335" elapsed="13.328079"/>
</test>
<status status="PASS" start="2025-01-15T00:08:27.960493" elapsed="13.517921"/>
</suite>
<statistics>
<total>
<stat pass="1" fail="0" skip="0">All Tests</stat>
</total>
<tag>
</tag>
<suite>
<stat pass="1" fail="0" skip="0" id="s1" name="Tc20 Scroll">Tc20 Scroll</stat>
</suite>
</statistics>
<errors>
</errors>
</robot>
