<?xml version="1.0" encoding="UTF-8"?>
<robot generator="Robot 7.1.1 (Python 3.12.8 on win32)" generated="2025-02-02T21:43:11.127710" rpa="false" schemaversion="5">
<suite id="s1" name="Suites">
<suite id="s1-s1" name="tc30 runningTestSuite" source="C:\Users\savig\PycharmProjects\PythonProject\.venv\testcases\testSuite\tc30_runningTestSuite.robot">
<test id="s1-s1-t1" name="TestInputBox" line="11">
<kw name="Open Browser" owner="SeleniumLibrary">
<msg time="2025-02-02T21:43:11.302424" level="INFO">Opening browser 'chrome' to base url 'https://demo.nopcommerce.com/login?returnUrl=%2F'.</msg>
<arg>${url}</arg>
<arg>${browser}</arg>
<doc>Opens a new browser instance to the optional ``url``.</doc>
<status status="PASS" start="2025-02-02T21:43:11.302424" elapsed="2.098040"/>
</kw>
<kw name="Maximize Browser Window" owner="SeleniumLibrary">
<doc>Maximizes current browser window.</doc>
<status status="PASS" start="2025-02-02T21:43:13.400464" elapsed="0.051451"/>
</kw>
<kw name="Close Browser" owner="SeleniumLibrary">
<doc>Closes the current browser.</doc>
<status status="PASS" start="2025-02-02T21:43:13.451915" elapsed="2.088817"/>
</kw>
<status status="PASS" start="2025-02-02T21:43:11.302424" elapsed="4.238308"/>
</test>
<status status="PASS" start="2025-02-02T21:43:11.160464" elapsed="4.380268"/>
</suite>
<status status="PASS" start="2025-02-02T21:43:11.143342" elapsed="4.397390"/>
</suite>
<statistics>
<total>
<stat pass="1" fail="0" skip="0">All Tests</stat>
</total>
<tag>
</tag>
<suite>
<stat pass="1" fail="0" skip="0" id="s1" name="Suites">Suites</stat>
<stat pass="1" fail="0" skip="0" id="s1-s1" name="tc30 runningTestSuite">Suites.tc30 runningTestSuite</stat>
</suite>
</statistics>
<errors>
</errors>
</robot>
